[16-Aug-2023 16:52:52 UTC] PHP Warning:  mysqli_real_connect(): (HY000/1045): Access denied for user 'database_user'@'localhost' (using password: YES) in C:\xampp\htdocs\bedrock\web\wp\wp-includes\class-wpdb.php on line 2035
[16-Aug-2023 16:58:03 UTC] PHP Warning:  An unexpected error occurred. Something may be wrong with WordPress.org or this server&#8217;s configuration. If you continue to have problems, please try the <a href="https://wordpress.org/support/forums/">support forums</a>. (WordPress could not establish a secure connection to WordPress.org. Please contact your server administrator.) in C:\xampp\htdocs\bedrock\web\wp\wp-includes\update.php on line 443
[16-Aug-2023 16:58:04 UTC] PHP Warning:  An unexpected error occurred. Something may be wrong with WordPress.org or this server&#8217;s configuration. If you continue to have problems, please try the <a href="https://wordpress.org/support/forums/">support forums</a>. (WordPress could not establish a secure connection to WordPress.org. Please contact your server administrator.) in C:\xampp\htdocs\bedrock\web\wp\wp-includes\update.php on line 724
[16-Aug-2023 16:58:14 UTC] PHP Warning:  An unexpected error occurred. Something may be wrong with WordPress.org or this server&#8217;s configuration. If you continue to have problems, please try the <a href="https://wordpress.org/support/forums/">support forums</a>. (WordPress could not establish a secure connection to WordPress.org. Please contact your server administrator.) in C:\xampp\htdocs\bedrock\web\wp\wp-includes\update.php on line 443
[16-Aug-2023 16:58:14 UTC] PHP Warning:  An unexpected error occurred. Something may be wrong with WordPress.org or this server&#8217;s configuration. If you continue to have problems, please try the <a href="https://wordpress.org/support/forums/">support forums</a>. (WordPress could not establish a secure connection to WordPress.org. Please contact your server administrator.) in C:\xampp\htdocs\bedrock\web\wp\wp-includes\update.php on line 443
[16-Aug-2023 16:58:16 UTC] PHP Deprecated:  version_compare(): Passing null to parameter #1 ($version1) of type string is deprecated in C:\xampp\htdocs\bedrock\web\app\plugins\elementor\core\upgrade\manager.php on line 62
[16-Aug-2023 16:58:16 UTC] PHP Deprecated:  version_compare(): Passing null to parameter #1 ($version1) of type string is deprecated in C:\xampp\htdocs\bedrock\web\app\plugins\elementor\core\upgrade\manager.php on line 62
[16-Aug-2023 16:58:17 UTC] PHP Deprecated:  version_compare(): Passing null to parameter #1 ($version1) of type string is deprecated in C:\xampp\htdocs\bedrock\web\app\plugins\elementor\core\upgrade\manager.php on line 62
[16-Aug-2023 16:58:17 UTC] PHP Deprecated:  version_compare(): Passing null to parameter #1 ($version1) of type string is deprecated in C:\xampp\htdocs\bedrock\web\app\plugins\elementor\core\upgrade\manager.php on line 62
[16-Aug-2023 16:58:18 UTC] PHP Deprecated:  version_compare(): Passing null to parameter #1 ($version1) of type string is deprecated in C:\xampp\htdocs\bedrock\web\app\plugins\elementor\core\upgrade\manager.php on line 62
[16-Aug-2023 16:58:18 UTC] PHP Deprecated:  version_compare(): Passing null to parameter #1 ($version1) of type string is deprecated in C:\xampp\htdocs\bedrock\web\app\plugins\elementor\core\upgrade\manager.php on line 62
[16-Aug-2023 16:58:18 UTC] WordPress database error Table 'wp_e_events' already exists for query CREATE TABLE `wp_e_events` (
			id bigint(20) unsigned auto_increment primary key,
			event_data text null,
			created_at datetime not null
		) DEFAULT CHARACTER SET utf8mb4 COLLATE utf8mb4_unicode_520_ci; made by require_once('wp-admin/admin.php'), require_once('wp-load.php'), require_once('C:/xampp/htdocs/bedrock/web/wp-config.php'), require_once('wp-settings.php'), do_action('init'), WP_Hook->do_action, WP_Hook->apply_filters, Elementor\Plugin->init, Elementor\Plugin->init_components, Elementor\Core\Admin\Admin->__construct, Elementor\Plugin->init_common, Elementor\Core\Common\App->init_components, Elementor\Core\Common\Modules\EventTracker\Module->__construct, Elementor\Core\Common\Modules\EventTracker\DB->__construct, Elementor\Core\Common\Modules\EventTracker\DB->create_table
[16-Aug-2023 16:58:18 UTC] WordPress database error Duplicate key name 'created_at_index' for query ALTER TABLE wp_e_events
    		ADD INDEX `created_at_index` (`created_at`)
		 made by require_once('wp-admin/admin.php'), require_once('wp-load.php'), require_once('C:/xampp/htdocs/bedrock/web/wp-config.php'), require_once('wp-settings.php'), do_action('init'), WP_Hook->do_action, WP_Hook->apply_filters, Elementor\Plugin->init, Elementor\Plugin->init_components, Elementor\Core\Admin\Admin->__construct, Elementor\Plugin->init_common, Elementor\Core\Common\App->init_components, Elementor\Core\Common\Modules\EventTracker\Module->__construct, Elementor\Core\Common\Modules\EventTracker\DB->__construct, Elementor\Core\Common\Modules\EventTracker\DB->add_indexes
[16-Aug-2023 16:58:19 UTC] PHP Warning:  An unexpected error occurred. Something may be wrong with WordPress.org or this server&#8217;s configuration. If you continue to have problems, please try the <a href="https://wordpress.org/support/forums/">support forums</a>. (WordPress could not establish a secure connection to WordPress.org. Please contact your server administrator.) in C:\xampp\htdocs\bedrock\web\wp\wp-includes\update.php on line 443
[16-Aug-2023 16:58:45 UTC] PHP Deprecated:  Automatic conversion of false to array is deprecated in C:\xampp\htdocs\bedrock\web\app\plugins\elementor\includes\api.php on line 164
[17-Aug-2023 04:53:24 UTC] PHP Warning:  mysqli_real_connect(): (HY000/2002): No connection could be made because the target machine actively refused it in C:\xampp\htdocs\bedrock\web\wp\wp-includes\class-wpdb.php on line 2035
[17-Aug-2023 04:53:40 UTC] PHP Warning:  mysqli_real_connect(): (HY000/2002): No connection could be made because the target machine actively refused it in C:\xampp\htdocs\bedrock\web\wp\wp-includes\class-wpdb.php on line 2035
[17-Aug-2023 04:53:42 UTC] PHP Warning:  mysqli_real_connect(): (HY000/2002): No connection could be made because the target machine actively refused it in C:\xampp\htdocs\bedrock\web\wp\wp-includes\class-wpdb.php on line 2035
[17-Aug-2023 04:53:42 UTC] PHP Warning:  mysqli_real_connect(): (HY000/2002): No connection could be made because the target machine actively refused it in C:\xampp\htdocs\bedrock\web\wp\wp-includes\class-wpdb.php on line 2035
[17-Aug-2023 04:53:42 UTC] PHP Warning:  mysqli_real_connect(): (HY000/2002): No connection could be made because the target machine actively refused it in C:\xampp\htdocs\bedrock\web\wp\wp-includes\class-wpdb.php on line 2035
[17-Aug-2023 04:53:42 UTC] PHP Warning:  mysqli_real_connect(): (HY000/2002): No connection could be made because the target machine actively refused it in C:\xampp\htdocs\bedrock\web\wp\wp-includes\class-wpdb.php on line 2035
[17-Aug-2023 04:53:42 UTC] PHP Warning:  mysqli_real_connect(): (HY000/2002): No connection could be made because the target machine actively refused it in C:\xampp\htdocs\bedrock\web\wp\wp-includes\class-wpdb.php on line 2035
[17-Aug-2023 04:54:10 UTC] PHP Warning:  mysqli_real_connect(): (HY000/2002): No connection could be made because the target machine actively refused it in C:\xampp\htdocs\bedrock\web\wp\wp-includes\class-wpdb.php on line 2035
[17-Aug-2023 09:21:45 UTC] PHP Deprecated:  Constant FILTER_SANITIZE_STRING is deprecated in C:\xampp\htdocs\bedrock\web\app\themes\astra\inc\metabox\class-astra-meta-boxes.php on line 521
[17-Aug-2023 09:21:45 UTC] PHP Deprecated:  Constant FILTER_SANITIZE_STRING is deprecated in C:\xampp\htdocs\bedrock\web\app\themes\astra\inc\metabox\class-astra-meta-boxes.php on line 521
[17-Aug-2023 09:21:45 UTC] PHP Deprecated:  Constant FILTER_SANITIZE_STRING is deprecated in C:\xampp\htdocs\bedrock\web\app\themes\astra\inc\metabox\class-astra-meta-boxes.php on line 521
[17-Aug-2023 09:21:45 UTC] PHP Deprecated:  Constant FILTER_SANITIZE_STRING is deprecated in C:\xampp\htdocs\bedrock\web\app\themes\astra\inc\metabox\class-astra-meta-boxes.php on line 521
[17-Aug-2023 09:21:45 UTC] PHP Deprecated:  Constant FILTER_SANITIZE_STRING is deprecated in C:\xampp\htdocs\bedrock\web\app\themes\astra\inc\metabox\class-astra-meta-boxes.php on line 521
[17-Aug-2023 09:21:45 UTC] PHP Deprecated:  Constant FILTER_SANITIZE_STRING is deprecated in C:\xampp\htdocs\bedrock\web\app\themes\astra\inc\metabox\class-astra-meta-boxes.php on line 521
[17-Aug-2023 09:21:45 UTC] PHP Deprecated:  Constant FILTER_SANITIZE_STRING is deprecated in C:\xampp\htdocs\bedrock\web\app\themes\astra\inc\metabox\class-astra-meta-boxes.php on line 521
[17-Aug-2023 09:21:45 UTC] PHP Deprecated:  Constant FILTER_SANITIZE_STRING is deprecated in C:\xampp\htdocs\bedrock\web\app\themes\astra\inc\metabox\class-astra-meta-boxes.php on line 521
[17-Aug-2023 09:21:45 UTC] PHP Deprecated:  Constant FILTER_SANITIZE_STRING is deprecated in C:\xampp\htdocs\bedrock\web\app\themes\astra\inc\metabox\class-astra-meta-boxes.php on line 521
[17-Aug-2023 09:21:45 UTC] PHP Deprecated:  Constant FILTER_SANITIZE_STRING is deprecated in C:\xampp\htdocs\bedrock\web\app\themes\astra\inc\metabox\class-astra-meta-boxes.php on line 521
[17-Aug-2023 09:21:45 UTC] PHP Deprecated:  Constant FILTER_SANITIZE_STRING is deprecated in C:\xampp\htdocs\bedrock\web\app\themes\astra\inc\metabox\class-astra-meta-boxes.php on line 521
[17-Aug-2023 09:21:45 UTC] PHP Deprecated:  Constant FILTER_SANITIZE_STRING is deprecated in C:\xampp\htdocs\bedrock\web\app\themes\astra\inc\metabox\class-astra-meta-boxes.php on line 521
[17-Aug-2023 09:21:45 UTC] PHP Deprecated:  Constant FILTER_SANITIZE_STRING is deprecated in C:\xampp\htdocs\bedrock\web\app\themes\astra\inc\metabox\class-astra-meta-boxes.php on line 521
[17-Aug-2023 09:21:52 UTC] PHP Deprecated:  Constant FILTER_SANITIZE_STRING is deprecated in C:\xampp\htdocs\bedrock\web\app\themes\astra\inc\metabox\class-astra-meta-boxes.php on line 521
[17-Aug-2023 09:21:52 UTC] PHP Deprecated:  Constant FILTER_SANITIZE_STRING is deprecated in C:\xampp\htdocs\bedrock\web\app\themes\astra\inc\metabox\class-astra-meta-boxes.php on line 521
[17-Aug-2023 09:21:52 UTC] PHP Deprecated:  Constant FILTER_SANITIZE_STRING is deprecated in C:\xampp\htdocs\bedrock\web\app\themes\astra\inc\metabox\class-astra-meta-boxes.php on line 521
[17-Aug-2023 09:21:52 UTC] PHP Deprecated:  Constant FILTER_SANITIZE_STRING is deprecated in C:\xampp\htdocs\bedrock\web\app\themes\astra\inc\metabox\class-astra-meta-boxes.php on line 521
[17-Aug-2023 09:21:52 UTC] PHP Deprecated:  Constant FILTER_SANITIZE_STRING is deprecated in C:\xampp\htdocs\bedrock\web\app\themes\astra\inc\metabox\class-astra-meta-boxes.php on line 521
[17-Aug-2023 09:21:52 UTC] PHP Deprecated:  Constant FILTER_SANITIZE_STRING is deprecated in C:\xampp\htdocs\bedrock\web\app\themes\astra\inc\metabox\class-astra-meta-boxes.php on line 521
[17-Aug-2023 09:21:52 UTC] PHP Deprecated:  Constant FILTER_SANITIZE_STRING is deprecated in C:\xampp\htdocs\bedrock\web\app\themes\astra\inc\metabox\class-astra-meta-boxes.php on line 521
[17-Aug-2023 09:21:52 UTC] PHP Deprecated:  Constant FILTER_SANITIZE_STRING is deprecated in C:\xampp\htdocs\bedrock\web\app\themes\astra\inc\metabox\class-astra-meta-boxes.php on line 521
[17-Aug-2023 09:21:52 UTC] PHP Deprecated:  Constant FILTER_SANITIZE_STRING is deprecated in C:\xampp\htdocs\bedrock\web\app\themes\astra\inc\metabox\class-astra-meta-boxes.php on line 521
[17-Aug-2023 09:21:52 UTC] PHP Deprecated:  Constant FILTER_SANITIZE_STRING is deprecated in C:\xampp\htdocs\bedrock\web\app\themes\astra\inc\metabox\class-astra-meta-boxes.php on line 521
[17-Aug-2023 09:21:52 UTC] PHP Deprecated:  Constant FILTER_SANITIZE_STRING is deprecated in C:\xampp\htdocs\bedrock\web\app\themes\astra\inc\metabox\class-astra-meta-boxes.php on line 521
[17-Aug-2023 09:21:52 UTC] PHP Deprecated:  Constant FILTER_SANITIZE_STRING is deprecated in C:\xampp\htdocs\bedrock\web\app\themes\astra\inc\metabox\class-astra-meta-boxes.php on line 521
[17-Aug-2023 09:21:52 UTC] PHP Deprecated:  Constant FILTER_SANITIZE_STRING is deprecated in C:\xampp\htdocs\bedrock\web\app\themes\astra\inc\metabox\class-astra-meta-boxes.php on line 521
[17-Aug-2023 09:40:03 UTC] PHP Deprecated:  Constant FILTER_SANITIZE_STRING is deprecated in C:\xampp\htdocs\bedrock\web\app\themes\astra\inc\metabox\class-astra-meta-boxes.php on line 521
[17-Aug-2023 09:40:03 UTC] PHP Deprecated:  Constant FILTER_SANITIZE_STRING is deprecated in C:\xampp\htdocs\bedrock\web\app\themes\astra\inc\metabox\class-astra-meta-boxes.php on line 521
[17-Aug-2023 09:40:03 UTC] PHP Deprecated:  Constant FILTER_SANITIZE_STRING is deprecated in C:\xampp\htdocs\bedrock\web\app\themes\astra\inc\metabox\class-astra-meta-boxes.php on line 521
[17-Aug-2023 09:40:03 UTC] PHP Deprecated:  Constant FILTER_SANITIZE_STRING is deprecated in C:\xampp\htdocs\bedrock\web\app\themes\astra\inc\metabox\class-astra-meta-boxes.php on line 521
[17-Aug-2023 09:40:03 UTC] PHP Deprecated:  Constant FILTER_SANITIZE_STRING is deprecated in C:\xampp\htdocs\bedrock\web\app\themes\astra\inc\metabox\class-astra-meta-boxes.php on line 521
[17-Aug-2023 09:40:03 UTC] PHP Deprecated:  Constant FILTER_SANITIZE_STRING is deprecated in C:\xampp\htdocs\bedrock\web\app\themes\astra\inc\metabox\class-astra-meta-boxes.php on line 521
[17-Aug-2023 09:40:03 UTC] PHP Deprecated:  Constant FILTER_SANITIZE_STRING is deprecated in C:\xampp\htdocs\bedrock\web\app\themes\astra\inc\metabox\class-astra-meta-boxes.php on line 521
[17-Aug-2023 09:40:03 UTC] PHP Deprecated:  Constant FILTER_SANITIZE_STRING is deprecated in C:\xampp\htdocs\bedrock\web\app\themes\astra\inc\metabox\class-astra-meta-boxes.php on line 521
[17-Aug-2023 09:40:03 UTC] PHP Deprecated:  Constant FILTER_SANITIZE_STRING is deprecated in C:\xampp\htdocs\bedrock\web\app\themes\astra\inc\metabox\class-astra-meta-boxes.php on line 521
[17-Aug-2023 09:40:03 UTC] PHP Deprecated:  Constant FILTER_SANITIZE_STRING is deprecated in C:\xampp\htdocs\bedrock\web\app\themes\astra\inc\metabox\class-astra-meta-boxes.php on line 521
[17-Aug-2023 09:40:03 UTC] PHP Deprecated:  Constant FILTER_SANITIZE_STRING is deprecated in C:\xampp\htdocs\bedrock\web\app\themes\astra\inc\metabox\class-astra-meta-boxes.php on line 521
[17-Aug-2023 09:40:03 UTC] PHP Deprecated:  Constant FILTER_SANITIZE_STRING is deprecated in C:\xampp\htdocs\bedrock\web\app\themes\astra\inc\metabox\class-astra-meta-boxes.php on line 521
[17-Aug-2023 09:40:03 UTC] PHP Deprecated:  Constant FILTER_SANITIZE_STRING is deprecated in C:\xampp\htdocs\bedrock\web\app\themes\astra\inc\metabox\class-astra-meta-boxes.php on line 521
[17-Aug-2023 10:19:53 UTC] PHP Warning:  mysqli_real_connect(): (HY000/1045): Access denied for user ''@'localhost' (using password: NO) in C:\xampp\htdocs\bedrock\web\wp\wp-includes\class-wpdb.php on line 2035
